[
  {
    "line": 1,
    "elements": [
      {
        "before": [
          {
            "result": {
              "duration": 9294807200,
              "status": "passed"
            },
            "match": {
              "location": "Hook.beforeBackGround()"
            }
          }
        ],
        "line": 12,
        "name": "",
        "description": "",
        "id": "adding-customer-details;;;2",
        "type": "scenario",
        "keyword": "Scenario Outline",
        "steps": [
          {
            "result": {
              "error_message": "org.openqa.selenium.NoSuchElementException: no such element: Unable to locate element: {\"method\":\"xpath\",\"selector\":\"(//a[text()\u003d\u0027Add Customer\u0027])[2]\"}\n  (Session info: chrome\u003d75.0.3770.80)\n  (Driver info: chromedriver\u003d2.46.628402 (536cd7adbad73a3783fdc2cab92ab2ba7ec361e1),platform\u003dWindows NT 10.0.18362 x86_64) (WARNING: The server did not provide any stacktrace information)\nCommand duration or timeout: 0 milliseconds\nFor documentation on this error, please visit: https://www.seleniumhq.org/exceptions/no_such_element.html\nBuild info: version: \u00273.141.59\u0027, revision: \u0027e82be7d358\u0027, time: \u00272018-11-14T08:25:53\u0027\nSystem info: host: \u0027DESKTOP-4D2DD6C\u0027, ip: \u0027192.168.1.4\u0027, os.name: \u0027Windows 10\u0027, os.arch: \u0027amd64\u0027, os.version: \u002710.0\u0027, java.version: \u00271.8.0_211\u0027\nDriver info: org.openqa.selenium.chrome.ChromeDriver\nCapabilities {acceptInsecureCerts: false, acceptSslCerts: false, applicationCacheEnabled: false, browserConnectionEnabled: false, browserName: chrome, chrome: {chromedriverVersion: 2.46.628402 (536cd7adbad73a..., userDataDir: C:\\Users\\SureshG\\AppData\\Lo...}, cssSelectorsEnabled: true, databaseEnabled: false, goog:chromeOptions: {debuggerAddress: localhost:56489}, handlesAlerts: true, hasTouchScreen: false, javascriptEnabled: true, locationContextEnabled: true, mobileEmulationEnabled: false, nativeEvents: true, networkConnectionEnabled: false, pageLoadStrategy: normal, platform: XP, platformName: XP, proxy: Proxy(), rotatable: false, setWindowRect: true, strictFileInteractability: false, takesHeapSnapshot: true, takesScreenshot: true, timeouts: {implicit: 0, pageLoad: 300000, script: 30000}, unexpectedAlertBehaviour: ignore, unhandledPromptBehavior: ignore, version: 75.0.3770.80, webStorageEnabled: true}\nSession ID: 38000cae04308a10ae9e99b00320905c\n*** Element info: {Using\u003dxpath, value\u003d(//a[text()\u003d\u0027Add Customer\u0027])[2]}\r\n\tat sun.reflect.NativeConstructorAccessorImpl.newInstance0(Native Method)\r\n\tat sun.reflect.NativeConstructorAccessorImpl.newInstance(NativeConstructorAccessorImpl.java:62)\r\n\tat sun.reflect.DelegatingConstructorAccessorImpl.newInstance(DelegatingConstructorAccessorImpl.java:45)\r\n\tat java.lang.reflect.Constructor.newInstance(Constructor.java:423)\r\n\tat org.openqa.selenium.remote.ErrorHandler.createThrowable(ErrorHandler.java:214)\r\n\tat org.openqa.selenium.remote.ErrorHandler.throwIfResponseFailed(ErrorHandler.java:166)\r\n\tat org.openqa.selenium.remote.http.JsonHttpResponseCodec.reconstructValue(JsonHttpResponseCodec.java:40)\r\n\tat org.openqa.selenium.remote.http.AbstractHttpResponseCodec.decode(AbstractHttpResponseCodec.java:80)\r\n\tat org.openqa.selenium.remote.http.AbstractHttpResponseCodec.decode(AbstractHttpResponseCodec.java:44)\r\n\tat org.openqa.selenium.remote.HttpCommandExecutor.execute(HttpCommandExecutor.java:158)\r\n\tat org.openqa.selenium.remote.service.DriverCommandExecutor.execute(DriverCommandExecutor.java:83)\r\n\tat org.openqa.selenium.remote.RemoteWebDriver.execute(RemoteWebDriver.java:552)\r\n\tat org.openqa.selenium.remote.RemoteWebDriver.findElement(RemoteWebDriver.java:323)\r\n\tat org.openqa.selenium.remote.RemoteWebDriver.findElementByXPath(RemoteWebDriver.java:428)\r\n\tat org.openqa.selenium.By$ByXPath.findElement(By.java:353)\r\n\tat org.openqa.selenium.remote.RemoteWebDriver.findElement(RemoteWebDriver.java:315)\r\n\tat org.openqa.selenium.support.pagefactory.DefaultElementLocator.findElement(DefaultElementLocator.java:69)\r\n\tat org.openqa.selenium.support.pagefactory.internal.LocatingElementHandler.invoke(LocatingElementHandler.java:38)\r\n\tat com.sun.proxy.$Proxy15.click(Unknown Source)\r\n\tat com.resources.FunctionalLibraries.clk(FunctionalLibraries.java:19)\r\n\tat com.stepdefinition.AddCustomerProcedure.user_Should_click_Addcustomer(AddCustomerProcedure.java:26)\r\n\tat ✽.User Should click Addcustomer(src/test/resources/FeatureFile/AddCustomer.feature:5)\r\n",
              "duration": 191071500,
              "status": "failed"
            },
            "line": 5,
            "name": "User Should click Addcustomer",
            "match": {
              "location": "AddCustomerProcedure.user_Should_click_Addcustomer()"
            },
            "keyword": "And "
          },
          {
            "result": {
              "duration": 17300,
              "status": "skipped"
            },
            "line": 6,
            "name": "User Enters all the details \"\u003cFname\u003e\",\"\u003cLname\u003e\",\"\u003cEmail\u003e\",\"\u003cAddress\u003e\",\"\u003cMobileNo\u003e\"",
            "match": {
              "arguments": [
                {
                  "val": "\"\u003cFname\u003e\"",
                  "offset": 28
                },
                {
                  "val": "\"\u003cLname\u003e\"",
                  "offset": 38
                },
                {
                  "val": "\"\u003cEmail\u003e\"",
                  "offset": 48
                },
                {
                  "val": "\"\u003cAddress\u003e\"",
                  "offset": 58
                },
                {
                  "val": "\"\u003cMobileNo\u003e\"",
                  "offset": 70
                }
              ],
              "location": "AddCustomerProcedure.user_Enters_all_the_details(String,String,String,String,String)"
            },
            "keyword": "When "
          },
          {
            "result": {
              "duration": 8900,
              "status": "skipped"
            },
            "line": 7,
            "name": "User clicks on submit",
            "match": {
              "location": "AddCustomerProcedure.user_clicks_on_submit()"
            },
            "keyword": "And "
          },
          {
            "result": {
              "duration": 9000,
              "status": "skipped"
            },
            "line": 8,
            "name": "User Should get Customer Id Displayed",
            "match": {
              "location": "AddCustomerProcedure.user_Should_get_Customer_Id_Displayed()"
            },
            "keyword": "Then "
          }
        ]
      },
      {
        "before": [
          {
            "result": {
              "duration": 6204771700,
              "status": "passed"
            },
            "match": {
              "location": "Hook.beforeBackGround()"
            }
          }
        ],
        "line": 13,
        "name": "",
        "description": "",
        "id": "adding-customer-details;;;3",
        "type": "scenario",
        "keyword": "Scenario Outline",
        "steps": [
          {
            "result": {
              "error_message": "org.openqa.selenium.NoSuchElementException: no such element: Unable to locate element: {\"method\":\"xpath\",\"selector\":\"(//a[text()\u003d\u0027Add Customer\u0027])[2]\"}\n  (Session info: chrome\u003d75.0.3770.80)\n  (Driver info: chromedriver\u003d2.46.628402 (536cd7adbad73a3783fdc2cab92ab2ba7ec361e1),platform\u003dWindows NT 10.0.18362 x86_64) (WARNING: The server did not provide any stacktrace information)\nCommand duration or timeout: 0 milliseconds\nFor documentation on this error, please visit: https://www.seleniumhq.org/exceptions/no_such_element.html\nBuild info: version: \u00273.141.59\u0027, revision: \u0027e82be7d358\u0027, time: \u00272018-11-14T08:25:53\u0027\nSystem info: host: \u0027DESKTOP-4D2DD6C\u0027, ip: \u0027192.168.1.4\u0027, os.name: \u0027Windows 10\u0027, os.arch: \u0027amd64\u0027, os.version: \u002710.0\u0027, java.version: \u00271.8.0_211\u0027\nDriver info: org.openqa.selenium.chrome.ChromeDriver\nCapabilities {acceptInsecureCerts: false, acceptSslCerts: false, applicationCacheEnabled: false, browserConnectionEnabled: false, browserName: chrome, chrome: {chromedriverVersion: 2.46.628402 (536cd7adbad73a..., userDataDir: C:\\Users\\SureshG\\AppData\\Lo...}, cssSelectorsEnabled: true, databaseEnabled: false, goog:chromeOptions: {debuggerAddress: localhost:56507}, handlesAlerts: true, hasTouchScreen: false, javascriptEnabled: true, locationContextEnabled: true, mobileEmulationEnabled: false, nativeEvents: true, networkConnectionEnabled: false, pageLoadStrategy: normal, platform: XP, platformName: XP, proxy: Proxy(), rotatable: false, setWindowRect: true, strictFileInteractability: false, takesHeapSnapshot: true, takesScreenshot: true, timeouts: {implicit: 0, pageLoad: 300000, script: 30000}, unexpectedAlertBehaviour: ignore, unhandledPromptBehavior: ignore, version: 75.0.3770.80, webStorageEnabled: true}\nSession ID: c403481d728fa0a8fda9159733f2dff9\n*** Element info: {Using\u003dxpath, value\u003d(//a[text()\u003d\u0027Add Customer\u0027])[2]}\r\n\tat sun.reflect.NativeConstructorAccessorImpl.newInstance0(Native Method)\r\n\tat sun.reflect.NativeConstructorAccessorImpl.newInstance(NativeConstructorAccessorImpl.java:62)\r\n\tat sun.reflect.DelegatingConstructorAccessorImpl.newInstance(DelegatingConstructorAccessorImpl.java:45)\r\n\tat java.lang.reflect.Constructor.newInstance(Constructor.java:423)\r\n\tat org.openqa.selenium.remote.ErrorHandler.createThrowable(ErrorHandler.java:214)\r\n\tat org.openqa.selenium.remote.ErrorHandler.throwIfResponseFailed(ErrorHandler.java:166)\r\n\tat org.openqa.selenium.remote.http.JsonHttpResponseCodec.reconstructValue(JsonHttpResponseCodec.java:40)\r\n\tat org.openqa.selenium.remote.http.AbstractHttpResponseCodec.decode(AbstractHttpResponseCodec.java:80)\r\n\tat org.openqa.selenium.remote.http.AbstractHttpResponseCodec.decode(AbstractHttpResponseCodec.java:44)\r\n\tat org.openqa.selenium.remote.HttpCommandExecutor.execute(HttpCommandExecutor.java:158)\r\n\tat org.openqa.selenium.remote.service.DriverCommandExecutor.execute(DriverCommandExecutor.java:83)\r\n\tat org.openqa.selenium.remote.RemoteWebDriver.execute(RemoteWebDriver.java:552)\r\n\tat org.openqa.selenium.remote.RemoteWebDriver.findElement(RemoteWebDriver.java:323)\r\n\tat org.openqa.selenium.remote.RemoteWebDriver.findElementByXPath(RemoteWebDriver.java:428)\r\n\tat org.openqa.selenium.By$ByXPath.findElement(By.java:353)\r\n\tat org.openqa.selenium.remote.RemoteWebDriver.findElement(RemoteWebDriver.java:315)\r\n\tat org.openqa.selenium.support.pagefactory.DefaultElementLocator.findElement(DefaultElementLocator.java:69)\r\n\tat org.openqa.selenium.support.pagefactory.internal.LocatingElementHandler.invoke(LocatingElementHandler.java:38)\r\n\tat com.sun.proxy.$Proxy15.click(Unknown Source)\r\n\tat com.resources.FunctionalLibraries.clk(FunctionalLibraries.java:19)\r\n\tat com.stepdefinition.AddCustomerProcedure.user_Should_click_Addcustomer(AddCustomerProcedure.java:26)\r\n\tat ✽.User Should click Addcustomer(src/test/resources/FeatureFile/AddCustomer.feature:5)\r\n",
              "duration": 36496900,
              "status": "failed"
            },
            "line": 5,
            "name": "User Should click Addcustomer",
            "match": {
              "location": "AddCustomerProcedure.user_Should_click_Addcustomer()"
            },
            "keyword": "And "
          },
          {
            "result": {
              "duration": 11400,
              "status": "skipped"
            },
            "line": 6,
            "name": "User Enters all the details \"\u003cFname\u003e\",\"\u003cLname\u003e\",\"\u003cEmail\u003e\",\"\u003cAddress\u003e\",\"\u003cMobileNo\u003e\"",
            "match": {
              "arguments": [
                {
                  "val": "\"\u003cFname\u003e\"",
                  "offset": 28
                },
                {
                  "val": "\"\u003cLname\u003e\"",
                  "offset": 38
                },
                {
                  "val": "\"\u003cEmail\u003e\"",
                  "offset": 48
                },
                {
                  "val": "\"\u003cAddress\u003e\"",
                  "offset": 58
                },
                {
                  "val": "\"\u003cMobileNo\u003e\"",
                  "offset": 70
                }
              ],
              "location": "AddCustomerProcedure.user_Enters_all_the_details(String,String,String,String,String)"
            },
            "keyword": "When "
          },
          {
            "result": {
              "duration": 8800,
              "status": "skipped"
            },
            "line": 7,
            "name": "User clicks on submit",
            "match": {
              "location": "AddCustomerProcedure.user_clicks_on_submit()"
            },
            "keyword": "And "
          },
          {
            "result": {
              "duration": 9000,
              "status": "skipped"
            },
            "line": 8,
            "name": "User Should get Customer Id Displayed",
            "match": {
              "location": "AddCustomerProcedure.user_Should_get_Customer_Id_Displayed()"
            },
            "keyword": "Then "
          }
        ]
      },
      {
        "before": [
          {
            "result": {
              "duration": 6794934600,
              "status": "passed"
            },
            "match": {
              "location": "Hook.beforeBackGround()"
            }
          }
        ],
        "line": 14,
        "name": "",
        "description": "",
        "id": "adding-customer-details;;;4",
        "type": "scenario",
        "keyword": "Scenario Outline",
        "steps": [
          {
            "result": {
              "error_message": "org.openqa.selenium.NoSuchElementException: no such element: Unable to locate element: {\"method\":\"xpath\",\"selector\":\"(//a[text()\u003d\u0027Add Customer\u0027])[2]\"}\n  (Session info: chrome\u003d75.0.3770.80)\n  (Driver info: chromedriver\u003d2.46.628402 (536cd7adbad73a3783fdc2cab92ab2ba7ec361e1),platform\u003dWindows NT 10.0.18362 x86_64) (WARNING: The server did not provide any stacktrace information)\nCommand duration or timeout: 0 milliseconds\nFor documentation on this error, please visit: https://www.seleniumhq.org/exceptions/no_such_element.html\nBuild info: version: \u00273.141.59\u0027, revision: \u0027e82be7d358\u0027, time: \u00272018-11-14T08:25:53\u0027\nSystem info: host: \u0027DESKTOP-4D2DD6C\u0027, ip: \u0027192.168.1.4\u0027, os.name: \u0027Windows 10\u0027, os.arch: \u0027amd64\u0027, os.version: \u002710.0\u0027, java.version: \u00271.8.0_211\u0027\nDriver info: org.openqa.selenium.chrome.ChromeDriver\nCapabilities {acceptInsecureCerts: false, acceptSslCerts: false, applicationCacheEnabled: false, browserConnectionEnabled: false, browserName: chrome, chrome: {chromedriverVersion: 2.46.628402 (536cd7adbad73a..., userDataDir: C:\\Users\\SureshG\\AppData\\Lo...}, cssSelectorsEnabled: true, databaseEnabled: false, goog:chromeOptions: {debuggerAddress: localhost:56524}, handlesAlerts: true, hasTouchScreen: false, javascriptEnabled: true, locationContextEnabled: true, mobileEmulationEnabled: false, nativeEvents: true, networkConnectionEnabled: false, pageLoadStrategy: normal, platform: XP, platformName: XP, proxy: Proxy(), rotatable: false, setWindowRect: true, strictFileInteractability: false, takesHeapSnapshot: true, takesScreenshot: true, timeouts: {implicit: 0, pageLoad: 300000, script: 30000}, unexpectedAlertBehaviour: ignore, unhandledPromptBehavior: ignore, version: 75.0.3770.80, webStorageEnabled: true}\nSession ID: 73fa268ef54aa9627109934fc2bcff3f\n*** Element info: {Using\u003dxpath, value\u003d(//a[text()\u003d\u0027Add Customer\u0027])[2]}\r\n\tat sun.reflect.NativeConstructorAccessorImpl.newInstance0(Native Method)\r\n\tat sun.reflect.NativeConstructorAccessorImpl.newInstance(NativeConstructorAccessorImpl.java:62)\r\n\tat sun.reflect.DelegatingConstructorAccessorImpl.newInstance(DelegatingConstructorAccessorImpl.java:45)\r\n\tat java.lang.reflect.Constructor.newInstance(Constructor.java:423)\r\n\tat org.openqa.selenium.remote.ErrorHandler.createThrowable(ErrorHandler.java:214)\r\n\tat org.openqa.selenium.remote.ErrorHandler.throwIfResponseFailed(ErrorHandler.java:166)\r\n\tat org.openqa.selenium.remote.http.JsonHttpResponseCodec.reconstructValue(JsonHttpResponseCodec.java:40)\r\n\tat org.openqa.selenium.remote.http.AbstractHttpResponseCodec.decode(AbstractHttpResponseCodec.java:80)\r\n\tat org.openqa.selenium.remote.http.AbstractHttpResponseCodec.decode(AbstractHttpResponseCodec.java:44)\r\n\tat org.openqa.selenium.remote.HttpCommandExecutor.execute(HttpCommandExecutor.java:158)\r\n\tat org.openqa.selenium.remote.service.DriverCommandExecutor.execute(DriverCommandExecutor.java:83)\r\n\tat org.openqa.selenium.remote.RemoteWebDriver.execute(RemoteWebDriver.java:552)\r\n\tat org.openqa.selenium.remote.RemoteWebDriver.findElement(RemoteWebDriver.java:323)\r\n\tat org.openqa.selenium.remote.RemoteWebDriver.findElementByXPath(RemoteWebDriver.java:428)\r\n\tat org.openqa.selenium.By$ByXPath.findElement(By.java:353)\r\n\tat org.openqa.selenium.remote.RemoteWebDriver.findElement(RemoteWebDriver.java:315)\r\n\tat org.openqa.selenium.support.pagefactory.DefaultElementLocator.findElement(DefaultElementLocator.java:69)\r\n\tat org.openqa.selenium.support.pagefactory.internal.LocatingElementHandler.invoke(LocatingElementHandler.java:38)\r\n\tat com.sun.proxy.$Proxy15.click(Unknown Source)\r\n\tat com.resources.FunctionalLibraries.clk(FunctionalLibraries.java:19)\r\n\tat com.stepdefinition.AddCustomerProcedure.user_Should_click_Addcustomer(AddCustomerProcedure.java:26)\r\n\tat ✽.User Should click Addcustomer(src/test/resources/FeatureFile/AddCustomer.feature:5)\r\n",
              "duration": 31732500,
              "status": "failed"
            },
            "line": 5,
            "name": "User Should click Addcustomer",
            "match": {
              "location": "AddCustomerProcedure.user_Should_click_Addcustomer()"
            },
            "keyword": "And "
          },
          {
            "result": {
              "duration": 11700,
              "status": "skipped"
            },
            "line": 6,
            "name": "User Enters all the details \"\u003cFname\u003e\",\"\u003cLname\u003e\",\"\u003cEmail\u003e\",\"\u003cAddress\u003e\",\"\u003cMobileNo\u003e\"",
            "match": {
              "arguments": [
                {
                  "val": "\"\u003cFname\u003e\"",
                  "offset": 28
                },
                {
                  "val": "\"\u003cLname\u003e\"",
                  "offset": 38
                },
                {
                  "val": "\"\u003cEmail\u003e\"",
                  "offset": 48
                },
                {
                  "val": "\"\u003cAddress\u003e\"",
                  "offset": 58
                },
                {
                  "val": "\"\u003cMobileNo\u003e\"",
                  "offset": 70
                }
              ],
              "location": "AddCustomerProcedure.user_Enters_all_the_details(String,String,String,String,String)"
            },
            "keyword": "When "
          },
          {
            "result": {
              "duration": 8600,
              "status": "skipped"
            },
            "line": 7,
            "name": "User clicks on submit",
            "match": {
              "location": "AddCustomerProcedure.user_clicks_on_submit()"
            },
            "keyword": "And "
          },
          {
            "result": {
              "duration": 8300,
              "status": "skipped"
            },
            "line": 8,
            "name": "User Should get Customer Id Displayed",
            "match": {
              "location": "AddCustomerProcedure.user_Should_get_Customer_Id_Displayed()"
            },
            "keyword": "Then "
          }
        ]
      }
    ],
    "name": "Adding Customer details",
    "description": "",
    "id": "adding-customer-details",
    "keyword": "Feature",
    "uri": "src/test/resources/FeatureFile/AddCustomer.feature",
    "tags": []
  },
  {
    "line": 1,
    "elements": [
      {
        "before": [
          {
            "result": {
              "duration": 6441593600,
              "status": "passed"
            },
            "match": {
              "location": "Hook.beforeBackGround()"
            }
          }
        ],
        "line": 12,
        "name": "",
        "description": "",
        "id": "choosing-tariff-plans;;;2",
        "type": "scenario",
        "keyword": "Scenario Outline",
        "steps": [
          {
            "result": {
              "error_message": "org.openqa.selenium.NoSuchElementException: no such element: Unable to locate element: {\"method\":\"xpath\",\"selector\":\"//a[text()\u003d\u0027Add Tariff Plan\u0027]\"}\n  (Session info: chrome\u003d75.0.3770.80)\n  (Driver info: chromedriver\u003d2.46.628402 (536cd7adbad73a3783fdc2cab92ab2ba7ec361e1),platform\u003dWindows NT 10.0.18362 x86_64) (WARNING: The server did not provide any stacktrace information)\nCommand duration or timeout: 0 milliseconds\nFor documentation on this error, please visit: https://www.seleniumhq.org/exceptions/no_such_element.html\nBuild info: version: \u00273.141.59\u0027, revision: \u0027e82be7d358\u0027, time: \u00272018-11-14T08:25:53\u0027\nSystem info: host: \u0027DESKTOP-4D2DD6C\u0027, ip: \u0027192.168.1.4\u0027, os.name: \u0027Windows 10\u0027, os.arch: \u0027amd64\u0027, os.version: \u002710.0\u0027, java.version: \u00271.8.0_211\u0027\nDriver info: org.openqa.selenium.chrome.ChromeDriver\nCapabilities {acceptInsecureCerts: false, acceptSslCerts: false, applicationCacheEnabled: false, browserConnectionEnabled: false, browserName: chrome, chrome: {chromedriverVersion: 2.46.628402 (536cd7adbad73a..., userDataDir: C:\\Users\\SureshG\\AppData\\Lo...}, cssSelectorsEnabled: true, databaseEnabled: false, goog:chromeOptions: {debuggerAddress: localhost:56543}, handlesAlerts: true, hasTouchScreen: false, javascriptEnabled: true, locationContextEnabled: true, mobileEmulationEnabled: false, nativeEvents: true, networkConnectionEnabled: false, pageLoadStrategy: normal, platform: XP, platformName: XP, proxy: Proxy(), rotatable: false, setWindowRect: true, strictFileInteractability: false, takesHeapSnapshot: true, takesScreenshot: true, timeouts: {implicit: 0, pageLoad: 300000, script: 30000}, unexpectedAlertBehaviour: ignore, unhandledPromptBehavior: ignore, version: 75.0.3770.80, webStorageEnabled: true}\nSession ID: 753242c6ed520487329f861a113ec4f4\n*** Element info: {Using\u003dxpath, value\u003d//a[text()\u003d\u0027Add Tariff Plan\u0027]}\r\n\tat sun.reflect.NativeConstructorAccessorImpl.newInstance0(Native Method)\r\n\tat sun.reflect.NativeConstructorAccessorImpl.newInstance(NativeConstructorAccessorImpl.java:62)\r\n\tat sun.reflect.DelegatingConstructorAccessorImpl.newInstance(DelegatingConstructorAccessorImpl.java:45)\r\n\tat java.lang.reflect.Constructor.newInstance(Constructor.java:423)\r\n\tat org.openqa.selenium.remote.ErrorHandler.createThrowable(ErrorHandler.java:214)\r\n\tat org.openqa.selenium.remote.ErrorHandler.throwIfResponseFailed(ErrorHandler.java:166)\r\n\tat org.openqa.selenium.remote.http.JsonHttpResponseCodec.reconstructValue(JsonHttpResponseCodec.java:40)\r\n\tat org.openqa.selenium.remote.http.AbstractHttpResponseCodec.decode(AbstractHttpResponseCodec.java:80)\r\n\tat org.openqa.selenium.remote.http.AbstractHttpResponseCodec.decode(AbstractHttpResponseCodec.java:44)\r\n\tat org.openqa.selenium.remote.HttpCommandExecutor.execute(HttpCommandExecutor.java:158)\r\n\tat org.openqa.selenium.remote.service.DriverCommandExecutor.execute(DriverCommandExecutor.java:83)\r\n\tat org.openqa.selenium.remote.RemoteWebDriver.execute(RemoteWebDriver.java:552)\r\n\tat org.openqa.selenium.remote.RemoteWebDriver.findElement(RemoteWebDriver.java:323)\r\n\tat org.openqa.selenium.remote.RemoteWebDriver.findElementByXPath(RemoteWebDriver.java:428)\r\n\tat org.openqa.selenium.By$ByXPath.findElement(By.java:353)\r\n\tat org.openqa.selenium.remote.RemoteWebDriver.findElement(RemoteWebDriver.java:315)\r\n\tat org.openqa.selenium.support.pagefactory.DefaultElementLocator.findElement(DefaultElementLocator.java:69)\r\n\tat org.openqa.selenium.support.pagefactory.internal.LocatingElementHandler.invoke(LocatingElementHandler.java:38)\r\n\tat com.sun.proxy.$Proxy15.click(Unknown Source)\r\n\tat com.resources.FunctionalLibraries.clk(FunctionalLibraries.java:19)\r\n\tat com.stepdefinition.AddTariffProcedure.user_should_click_AddTariff(AddTariffProcedure.java:24)\r\n\tat ✽.User should click AddTariff(src/test/resources/FeatureFile/AddTariff.feature:5)\r\n",
              "duration": 38153500,
              "status": "failed"
            },
            "line": 5,
            "name": "User should click AddTariff",
            "match": {
              "location": "AddTariffProcedure.user_should_click_AddTariff()"
            },
            "keyword": "And "
          },
          {
            "result": {
              "duration": 11600,
              "status": "skipped"
            },
            "line": 6,
            "name": "User Enters all the details \"\u003cRental\u003e\",\"\u003cLocMin\u003e\",\"\u003cInterMin\u003e\",\"\u003cSMS\u003e\",\"\u003cLocCharg\u003e\",\"\u003cInterCharg\u003e\",\"\u003cSMSCharg\u003e\"",
            "match": {
              "arguments": [
                {
                  "val": "\"\u003cRental\u003e\"",
                  "offset": 28
                },
                {
                  "val": "\"\u003cLocMin\u003e\"",
                  "offset": 39
                },
                {
                  "val": "\"\u003cInterMin\u003e\"",
                  "offset": 50
                },
                {
                  "val": "\"\u003cSMS\u003e\"",
                  "offset": 63
                },
                {
                  "val": "\"\u003cLocCharg\u003e\"",
                  "offset": 71
                },
                {
                  "val": "\"\u003cInterCharg\u003e\"",
                  "offset": 84
                },
                {
                  "val": "\"\u003cSMSCharg\u003e\"",
                  "offset": 99
                }
              ],
              "location": "AddTariffProcedure.user_Enters_all_the_details(String,String,String,String,String,String,String)"
            },
            "keyword": "When "
          },
          {
            "result": {
              "duration": 9100,
              "status": "skipped"
            },
            "line": 7,
            "name": "User clicks Submit",
            "match": {
              "location": "AddTariffProcedure.user_clicks_Submit()"
            },
            "keyword": "And "
          },
          {
            "result": {
              "duration": 8800,
              "status": "skipped"
            },
            "line": 8,
            "name": "User Should get displayed Congratulation message",
            "match": {
              "location": "AddTariffProcedure.user_Should_get_displayed_Congratulation_message()"
            },
            "keyword": "Then "
          }
        ]
      },
      {
        "before": [
          {
            "result": {
              "duration": 6839420100,
              "status": "passed"
            },
            "match": {
              "location": "Hook.beforeBackGround()"
            }
          }
        ],
        "line": 13,
        "name": "",
        "description": "",
        "id": "choosing-tariff-plans;;;3",
        "type": "scenario",
        "keyword": "Scenario Outline",
        "steps": [
          {
            "result": {
              "error_message": "org.openqa.selenium.NoSuchElementException: no such element: Unable to locate element: {\"method\":\"xpath\",\"selector\":\"//a[text()\u003d\u0027Add Tariff Plan\u0027]\"}\n  (Session info: chrome\u003d75.0.3770.80)\n  (Driver info: chromedriver\u003d2.46.628402 (536cd7adbad73a3783fdc2cab92ab2ba7ec361e1),platform\u003dWindows NT 10.0.18362 x86_64) (WARNING: The server did not provide any stacktrace information)\nCommand duration or timeout: 0 milliseconds\nFor documentation on this error, please visit: https://www.seleniumhq.org/exceptions/no_such_element.html\nBuild info: version: \u00273.141.59\u0027, revision: \u0027e82be7d358\u0027, time: \u00272018-11-14T08:25:53\u0027\nSystem info: host: \u0027DESKTOP-4D2DD6C\u0027, ip: \u0027192.168.1.4\u0027, os.name: \u0027Windows 10\u0027, os.arch: \u0027amd64\u0027, os.version: \u002710.0\u0027, java.version: \u00271.8.0_211\u0027\nDriver info: org.openqa.selenium.chrome.ChromeDriver\nCapabilities {acceptInsecureCerts: false, acceptSslCerts: false, applicationCacheEnabled: false, browserConnectionEnabled: false, browserName: chrome, chrome: {chromedriverVersion: 2.46.628402 (536cd7adbad73a..., userDataDir: C:\\Users\\SureshG\\AppData\\Lo...}, cssSelectorsEnabled: true, databaseEnabled: false, goog:chromeOptions: {debuggerAddress: localhost:56561}, handlesAlerts: true, hasTouchScreen: false, javascriptEnabled: true, locationContextEnabled: true, mobileEmulationEnabled: false, nativeEvents: true, networkConnectionEnabled: false, pageLoadStrategy: normal, platform: XP, platformName: XP, proxy: Proxy(), rotatable: false, setWindowRect: true, strictFileInteractability: false, takesHeapSnapshot: true, takesScreenshot: true, timeouts: {implicit: 0, pageLoad: 300000, script: 30000}, unexpectedAlertBehaviour: ignore, unhandledPromptBehavior: ignore, version: 75.0.3770.80, webStorageEnabled: true}\nSession ID: af310d73d0ee4042e0da9875ca4c65d6\n*** Element info: {Using\u003dxpath, value\u003d//a[text()\u003d\u0027Add Tariff Plan\u0027]}\r\n\tat sun.reflect.NativeConstructorAccessorImpl.newInstance0(Native Method)\r\n\tat sun.reflect.NativeConstructorAccessorImpl.newInstance(NativeConstructorAccessorImpl.java:62)\r\n\tat sun.reflect.DelegatingConstructorAccessorImpl.newInstance(DelegatingConstructorAccessorImpl.java:45)\r\n\tat java.lang.reflect.Constructor.newInstance(Constructor.java:423)\r\n\tat org.openqa.selenium.remote.ErrorHandler.createThrowable(ErrorHandler.java:214)\r\n\tat org.openqa.selenium.remote.ErrorHandler.throwIfResponseFailed(ErrorHandler.java:166)\r\n\tat org.openqa.selenium.remote.http.JsonHttpResponseCodec.reconstructValue(JsonHttpResponseCodec.java:40)\r\n\tat org.openqa.selenium.remote.http.AbstractHttpResponseCodec.decode(AbstractHttpResponseCodec.java:80)\r\n\tat org.openqa.selenium.remote.http.AbstractHttpResponseCodec.decode(AbstractHttpResponseCodec.java:44)\r\n\tat org.openqa.selenium.remote.HttpCommandExecutor.execute(HttpCommandExecutor.java:158)\r\n\tat org.openqa.selenium.remote.service.DriverCommandExecutor.execute(DriverCommandExecutor.java:83)\r\n\tat org.openqa.selenium.remote.RemoteWebDriver.execute(RemoteWebDriver.java:552)\r\n\tat org.openqa.selenium.remote.RemoteWebDriver.findElement(RemoteWebDriver.java:323)\r\n\tat org.openqa.selenium.remote.RemoteWebDriver.findElementByXPath(RemoteWebDriver.java:428)\r\n\tat org.openqa.selenium.By$ByXPath.findElement(By.java:353)\r\n\tat org.openqa.selenium.remote.RemoteWebDriver.findElement(RemoteWebDriver.java:315)\r\n\tat org.openqa.selenium.support.pagefactory.DefaultElementLocator.findElement(DefaultElementLocator.java:69)\r\n\tat org.openqa.selenium.support.pagefactory.internal.LocatingElementHandler.invoke(LocatingElementHandler.java:38)\r\n\tat com.sun.proxy.$Proxy15.click(Unknown Source)\r\n\tat com.resources.FunctionalLibraries.clk(FunctionalLibraries.java:19)\r\n\tat com.stepdefinition.AddTariffProcedure.user_should_click_AddTariff(AddTariffProcedure.java:24)\r\n\tat ✽.User should click AddTariff(src/test/resources/FeatureFile/AddTariff.feature:5)\r\n",
              "duration": 57714900,
              "status": "failed"
            },
            "line": 5,
            "name": "User should click AddTariff",
            "match": {
              "location": "AddTariffProcedure.user_should_click_AddTariff()"
            },
            "keyword": "And "
          },
          {
            "result": {
              "duration": 13400,
              "status": "skipped"
            },
            "line": 6,
            "name": "User Enters all the details \"\u003cRental\u003e\",\"\u003cLocMin\u003e\",\"\u003cInterMin\u003e\",\"\u003cSMS\u003e\",\"\u003cLocCharg\u003e\",\"\u003cInterCharg\u003e\",\"\u003cSMSCharg\u003e\"",
            "match": {
              "arguments": [
                {
                  "val": "\"\u003cRental\u003e\"",
                  "offset": 28
                },
                {
                  "val": "\"\u003cLocMin\u003e\"",
                  "offset": 39
                },
                {
                  "val": "\"\u003cInterMin\u003e\"",
                  "offset": 50
                },
                {
                  "val": "\"\u003cSMS\u003e\"",
                  "offset": 63
                },
                {
                  "val": "\"\u003cLocCharg\u003e\"",
                  "offset": 71
                },
                {
                  "val": "\"\u003cInterCharg\u003e\"",
                  "offset": 84
                },
                {
                  "val": "\"\u003cSMSCharg\u003e\"",
                  "offset": 99
                }
              ],
              "location": "AddTariffProcedure.user_Enters_all_the_details(String,String,String,String,String,String,String)"
            },
            "keyword": "When "
          },
          {
            "result": {
              "duration": 8800,
              "status": "skipped"
            },
            "line": 7,
            "name": "User clicks Submit",
            "match": {
              "location": "AddTariffProcedure.user_clicks_Submit()"
            },
            "keyword": "And "
          },
          {
            "result": {
              "duration": 8800,
              "status": "skipped"
            },
            "line": 8,
            "name": "User Should get displayed Congratulation message",
            "match": {
              "location": "AddTariffProcedure.user_Should_get_displayed_Congratulation_message()"
            },
            "keyword": "Then "
          }
        ]
      },
      {
        "before": [
          {
            "result": {
              "duration": 16303487900,
              "status": "passed"
            },
            "match": {
              "location": "Hook.beforeBackGround()"
            }
          }
        ],
        "line": 14,
        "name": "",
        "description": "",
        "id": "choosing-tariff-plans;;;4",
        "type": "scenario",
        "keyword": "Scenario Outline",
        "steps": [
          {
            "result": {
              "error_message": "org.openqa.selenium.NoSuchElementException: no such element: Unable to locate element: {\"method\":\"xpath\",\"selector\":\"//a[text()\u003d\u0027Add Tariff Plan\u0027]\"}\n  (Session info: chrome\u003d75.0.3770.80)\n  (Driver info: chromedriver\u003d2.46.628402 (536cd7adbad73a3783fdc2cab92ab2ba7ec361e1),platform\u003dWindows NT 10.0.18362 x86_64) (WARNING: The server did not provide any stacktrace information)\nCommand duration or timeout: 0 milliseconds\nFor documentation on this error, please visit: https://www.seleniumhq.org/exceptions/no_such_element.html\nBuild info: version: \u00273.141.59\u0027, revision: \u0027e82be7d358\u0027, time: \u00272018-11-14T08:25:53\u0027\nSystem info: host: \u0027DESKTOP-4D2DD6C\u0027, ip: \u0027192.168.1.4\u0027, os.name: \u0027Windows 10\u0027, os.arch: \u0027amd64\u0027, os.version: \u002710.0\u0027, java.version: \u00271.8.0_211\u0027\nDriver info: org.openqa.selenium.chrome.ChromeDriver\nCapabilities {acceptInsecureCerts: false, acceptSslCerts: false, applicationCacheEnabled: false, browserConnectionEnabled: false, browserName: chrome, chrome: {chromedriverVersion: 2.46.628402 (536cd7adbad73a..., userDataDir: C:\\Users\\SureshG\\AppData\\Lo...}, cssSelectorsEnabled: true, databaseEnabled: false, goog:chromeOptions: {debuggerAddress: localhost:56586}, handlesAlerts: true, hasTouchScreen: false, javascriptEnabled: true, locationContextEnabled: true, mobileEmulationEnabled: false, nativeEvents: true, networkConnectionEnabled: false, pageLoadStrategy: normal, platform: XP, platformName: XP, proxy: Proxy(), rotatable: false, setWindowRect: true, strictFileInteractability: false, takesHeapSnapshot: true, takesScreenshot: true, timeouts: {implicit: 0, pageLoad: 300000, script: 30000}, unexpectedAlertBehaviour: ignore, unhandledPromptBehavior: ignore, version: 75.0.3770.80, webStorageEnabled: true}\nSession ID: 76e5122cb0e3cc9098dd9de2455755a0\n*** Element info: {Using\u003dxpath, value\u003d//a[text()\u003d\u0027Add Tariff Plan\u0027]}\r\n\tat sun.reflect.NativeConstructorAccessorImpl.newInstance0(Native Method)\r\n\tat sun.reflect.NativeConstructorAccessorImpl.newInstance(NativeConstructorAccessorImpl.java:62)\r\n\tat sun.reflect.DelegatingConstructorAccessorImpl.newInstance(DelegatingConstructorAccessorImpl.java:45)\r\n\tat java.lang.reflect.Constructor.newInstance(Constructor.java:423)\r\n\tat org.openqa.selenium.remote.ErrorHandler.createThrowable(ErrorHandler.java:214)\r\n\tat org.openqa.selenium.remote.ErrorHandler.throwIfResponseFailed(ErrorHandler.java:166)\r\n\tat org.openqa.selenium.remote.http.JsonHttpResponseCodec.reconstructValue(JsonHttpResponseCodec.java:40)\r\n\tat org.openqa.selenium.remote.http.AbstractHttpResponseCodec.decode(AbstractHttpResponseCodec.java:80)\r\n\tat org.openqa.selenium.remote.http.AbstractHttpResponseCodec.decode(AbstractHttpResponseCodec.java:44)\r\n\tat org.openqa.selenium.remote.HttpCommandExecutor.execute(HttpCommandExecutor.java:158)\r\n\tat org.openqa.selenium.remote.service.DriverCommandExecutor.execute(DriverCommandExecutor.java:83)\r\n\tat org.openqa.selenium.remote.RemoteWebDriver.execute(RemoteWebDriver.java:552)\r\n\tat org.openqa.selenium.remote.RemoteWebDriver.findElement(RemoteWebDriver.java:323)\r\n\tat org.openqa.selenium.remote.RemoteWebDriver.findElementByXPath(RemoteWebDriver.java:428)\r\n\tat org.openqa.selenium.By$ByXPath.findElement(By.java:353)\r\n\tat org.openqa.selenium.remote.RemoteWebDriver.findElement(RemoteWebDriver.java:315)\r\n\tat org.openqa.selenium.support.pagefactory.DefaultElementLocator.findElement(DefaultElementLocator.java:69)\r\n\tat org.openqa.selenium.support.pagefactory.internal.LocatingElementHandler.invoke(LocatingElementHandler.java:38)\r\n\tat com.sun.proxy.$Proxy15.click(Unknown Source)\r\n\tat com.resources.FunctionalLibraries.clk(FunctionalLibraries.java:19)\r\n\tat com.stepdefinition.AddTariffProcedure.user_should_click_AddTariff(AddTariffProcedure.java:24)\r\n\tat ✽.User should click AddTariff(src/test/resources/FeatureFile/AddTariff.feature:5)\r\n",
              "duration": 29336300,
              "status": "failed"
            },
            "line": 5,
            "name": "User should click AddTariff",
            "match": {
              "location": "AddTariffProcedure.user_should_click_AddTariff()"
            },
            "keyword": "And "
          },
          {
            "result": {
              "duration": 1742500,
              "status": "skipped"
            },
            "line": 6,
            "name": "User Enters all the details \"\u003cRental\u003e\",\"\u003cLocMin\u003e\",\"\u003cInterMin\u003e\",\"\u003cSMS\u003e\",\"\u003cLocCharg\u003e\",\"\u003cInterCharg\u003e\",\"\u003cSMSCharg\u003e\"",
            "match": {
              "arguments": [
                {
                  "val": "\"\u003cRental\u003e\"",
                  "offset": 28
                },
                {
                  "val": "\"\u003cLocMin\u003e\"",
                  "offset": 39
                },
                {
                  "val": "\"\u003cInterMin\u003e\"",
                  "offset": 50
                },
                {
                  "val": "\"\u003cSMS\u003e\"",
                  "offset": 63
                },
                {
                  "val": "\"\u003cLocCharg\u003e\"",
                  "offset": 71
                },
                {
                  "val": "\"\u003cInterCharg\u003e\"",
                  "offset": 84
                },
                {
                  "val": "\"\u003cSMSCharg\u003e\"",
                  "offset": 99
                }
              ],
              "location": "AddTariffProcedure.user_Enters_all_the_details(String,String,String,String,String,String,String)"
            },
            "keyword": "When "
          },
          {
            "result": {
              "duration": 12000,
              "status": "skipped"
            },
            "line": 7,
            "name": "User clicks Submit",
            "match": {
              "location": "AddTariffProcedure.user_clicks_Submit()"
            },
            "keyword": "And "
          },
          {
            "result": {
              "duration": 9000,
              "status": "skipped"
            },
            "line": 8,
            "name": "User Should get displayed Congratulation message",
            "match": {
              "location": "AddTariffProcedure.user_Should_get_displayed_Congratulation_message()"
            },
            "keyword": "Then "
          }
        ]
      }
    ],
    "name": "Choosing Tariff Plans",
    "description": "",
    "id": "choosing-tariff-plans",
    "keyword": "Feature",
    "uri": "src/test/resources/FeatureFile/AddTariff.feature",
    "tags": []
  }
]